[debug] [2021-05-10T20:56:48.905Z] ----------------------------------------------------------------------
[debug] [2021-05-10T20:56:48.967Z] Command:       C:\Program Files\nodejs\node.exe C:\Users\Manuel\AppData\Roaming\npm\node_modules\firebase-tools\lib\bin\firebase.js init
[debug] [2021-05-10T20:56:48.968Z] CLI Version:   9.10.0
[debug] [2021-05-10T20:56:48.968Z] Platform:      win32
[debug] [2021-05-10T20:56:48.969Z] Node Version:  v14.16.0
[debug] [2021-05-10T20:56:48.971Z] Time:          Mon May 10 2021 13:56:48 GMT-0700 (Pacific Daylight Time)
[debug] [2021-05-10T20:56:48.972Z] ----------------------------------------------------------------------
[debug] 
[debug] [2021-05-10T20:56:48.991Z] >>> [apiv2][query] GET https://firebase-public.firebaseio.com/cli.json [none]
[debug] [2021-05-10T20:56:49.067Z] > command requires scopes: ["email","openid","https://www.googleapis.com/auth/cloudplatformprojects.readonly","https://www.googleapis.com/auth/firebase","https://www.googleapis.com/auth/cloud-platform"]
[debug] [2021-05-10T20:56:49.068Z] > authorizing via signed-in user (manuelheav32@gmail.com)
[info] 
     ######## #### ########  ######## ########     ###     ######  ########
     ##        ##  ##     ## ##       ##     ##  ##   ##  ##       ##
     ######    ##  ########  ######   ########  #########  ######  ######
     ##        ##  ##    ##  ##       ##     ## ##     ##       ## ##
     ##       #### ##     ## ######## ########  ##     ##  ######  ########

You're about to initialize a Firebase project in this directory:

  C:\Users\Manuel\Desktop\Clever Programmer\netflix-clone

[debug] [2021-05-10T20:56:50.468Z] <<< [apiv2][status] GET https://firebase-public.firebaseio.com/cli.json 200
[debug] [2021-05-10T20:56:50.468Z] <<< [apiv2][body] GET https://firebase-public.firebaseio.com/cli.json {"cloudBuildErrorAfter":1594252800000,"cloudBuildWarnAfter":1590019200000,"defaultNode10After":1594252800000,"minVersion":"3.0.5","node8DeploysDisabledAfter":1613390400000,"node8RuntimeDisabledAfter":1615809600000,"node8WarnAfter":1600128000000}
